[26-Nov-2021 02:50:03 Europe/Berlin] POST: Array
(
)

[26-Nov-2021 02:50:06 Europe/Berlin] POST: Array
(
)

[26-Nov-2021 02:50:09 Europe/Berlin] POST: Array
(
)

[26-Nov-2021 02:50:33 Europe/Berlin] POST: Array
(
)

[26-Nov-2021 02:50:43 Europe/Berlin] POST: Array
(
)

[26-Nov-2021 02:51:09 Europe/Berlin] POST: Array
(
)

[26-Nov-2021 02:51:12 Europe/Berlin] POST: Array
(
)

[26-Nov-2021 02:52:13 Europe/Berlin] POST: Array
(
)

[26-Nov-2021 02:52:17 Europe/Berlin] POST: Array
(
)

[26-Nov-2021 02:52:19 Europe/Berlin] POST: Array
(
)

[26-Nov-2021 02:52:22 Europe/Berlin] POST: Array
(
)

[26-Nov-2021 02:53:57 Europe/Berlin] POST: Array
(
)

[26-Nov-2021 02:53:59 Europe/Berlin] POST: Array
(
)

[26-Nov-2021 02:54:02 Europe/Berlin] POST: Array
(
)

[26-Nov-2021 02:57:29 Europe/Berlin] POST: Array
(
)

[26-Nov-2021 02:57:31 Europe/Berlin] POST: Array
(
)

[26-Nov-2021 02:57:31 Europe/Berlin] POST: Array
(
)

[26-Nov-2021 02:57:36 Europe/Berlin] POST: Array
(
)

[26-Nov-2021 03:00:24 Europe/Berlin] POST: Array
(
)

[26-Nov-2021 03:34:37 Europe/Berlin] POST: Array
(
)

[26-Nov-2021 03:34:40 Europe/Berlin] POST: Array
(
)

[26-Nov-2021 03:34:42 Europe/Berlin] POST: Array
(
)

[26-Nov-2021 03:34:43 Europe/Berlin] POST: Array
(
)

[26-Nov-2021 03:34:44 Europe/Berlin] POST: Array
(
)

[26-Nov-2021 03:34:44 Europe/Berlin] POST: Array
(
)

[26-Nov-2021 03:34:45 Europe/Berlin] POST: Array
(
)

[26-Nov-2021 03:34:46 Europe/Berlin] POST: Array
(
)

[26-Nov-2021 03:34:46 Europe/Berlin] POST: Array
(
)

[26-Nov-2021 03:34:48 Europe/Berlin] POST: Array
(
)

[26-Nov-2021 03:34:48 Europe/Berlin] POST: Array
(
)

[26-Nov-2021 03:34:49 Europe/Berlin] POST: Array
(
)

[26-Nov-2021 03:34:50 Europe/Berlin] POST: Array
(
)

[26-Nov-2021 03:34:51 Europe/Berlin] POST: Array
(
)

[26-Nov-2021 03:34:51 Europe/Berlin] POST: Array
(
)

[26-Nov-2021 03:34:52 Europe/Berlin] POST: Array
(
)

[26-Nov-2021 03:34:53 Europe/Berlin] POST: Array
(
)

[26-Nov-2021 03:34:54 Europe/Berlin] POST: Array
(
)

[26-Nov-2021 03:34:55 Europe/Berlin] POST: Array
(
)

[26-Nov-2021 03:34:56 Europe/Berlin] POST: Array
(
)

[26-Nov-2021 03:35:50 Europe/Berlin] POST: Array
(
)

[26-Nov-2021 03:35:52 Europe/Berlin] POST: Array
(
    [email] => 
    [senha] => 
)

[26-Nov-2021 03:35:55 Europe/Berlin] POST: Array
(
    [email] => jaeger@gmail.com
    [senha] => 123
)

[26-Nov-2021 03:35:55 Europe/Berlin] POST: Array
(
)

[26-Nov-2021 03:35:58 Europe/Berlin] POST: Array
(
    [email] => jaeger@gmail.com
    [senha] => 123
)

[26-Nov-2021 03:35:58 Europe/Berlin] POST: Array
(
)

[26-Nov-2021 03:36:00 Europe/Berlin] POST: Array
(
    [email] => 
    [senha] => 
)

[26-Nov-2021 03:36:44 Europe/Berlin] POST: Array
(
    [email] => jaeger@gmail.com
    [senha] => 123
)

[26-Nov-2021 03:36:47 Europe/Berlin] POST: Array
(
    [email] => jaeger@gmail.com
    [senha] => 123
)

[26-Nov-2021 03:36:50 Europe/Berlin] POST: Array
(
    [email] => jaeger@gmail.com
    [senha] => 123
)

[26-Nov-2021 03:36:51 Europe/Berlin] POST: Array
(
    [email] => jaeger@gmail.com
    [senha] => 123
)

[26-Nov-2021 03:37:13 Europe/Berlin] POST: Array
(
    [email] => jaeger@gmail.com
    [senha] => 123
)

[26-Nov-2021 03:38:26 Europe/Berlin] POST: Array
(
    [email] => jaeger@gmail.com
    [senha] => 123
)

[26-Nov-2021 03:38:26 Europe/Berlin] POST: Array
(
)

[26-Nov-2021 03:38:31 Europe/Berlin] POST: Array
(
    [email] => jaeger@gmail.com
    [senha] => 1235
)

[26-Nov-2021 03:38:35 Europe/Berlin] POST: Array
(
    [email] => jaeger@gmail.com
    [senha] => 123
)

[26-Nov-2021 03:38:35 Europe/Berlin] POST: Array
(
)

[26-Nov-2021 03:41:39 Europe/Berlin] POST: Array
(
)

[26-Nov-2021 03:44:22 Europe/Berlin] POST: Array
(
    [email] => jaeger@gmail.com
    [senha] => 123
)

[26-Nov-2021 03:44:22 Europe/Berlin] POST: Array
(
)

[26-Nov-2021 03:44:24 Europe/Berlin] POST: Array
(
    [email] => jaeger@gmail.com
    [senha] => 123
)

[26-Nov-2021 03:44:24 Europe/Berlin] POST: Array
(
)

[26-Nov-2021 03:48:05 Europe/Berlin] POST: Array
(
    [email] => 
    [senha] => 
)

[26-Nov-2021 03:48:08 Europe/Berlin] POST: Array
(
    [email] => jaeger@gmail.com
    [senha] => 123
)

[26-Nov-2021 03:48:08 Europe/Berlin] POST: Array
(
)

[26-Nov-2021 03:48:22 Europe/Berlin] POST: Array
(
    [email] => jaeger@gmail.com
    [senha] => 123
)

[26-Nov-2021 03:48:37 Europe/Berlin] POST: Array
(
    [email] => jaeger@gmail.com
    [senha] => 123
)

[26-Nov-2021 03:48:42 Europe/Berlin] POST: Array
(
    [email] => jaeger@gmail.com
    [senha] => 123
)

[26-Nov-2021 03:48:45 Europe/Berlin] POST: Array
(
    [email] => jaeger@gmail.com
    [senha] => 123
)

[26-Nov-2021 03:49:05 Europe/Berlin] POST: Array
(
    [email] => jaeger@gmail.com
    [senha] => 123
)

[26-Nov-2021 03:59:18 Europe/Berlin] POST: Array
(
    [email] => jaeger@gmail.com
    [senha] => 123
)

[26-Nov-2021 03:59:21 Europe/Berlin] POST: Array
(
)

[26-Nov-2021 04:01:58 Europe/Berlin] POST: Array
(
    [email] => 
    [senha] => 
)

[26-Nov-2021 04:02:02 Europe/Berlin] POST: Array
(
    [email] => jaeger@gmail.com
    [senha] => 123
)

[26-Nov-2021 04:02:07 Europe/Berlin] POST: Array
(
)

[26-Nov-2021 04:02:46 Europe/Berlin] POST: Array
(
    [email] => jaeger@gmail.com
    [senha] => 123
)

[26-Nov-2021 04:02:49 Europe/Berlin] POST: Array
(
)

[26-Nov-2021 04:02:53 Europe/Berlin] POST: Array
(
)

[26-Nov-2021 04:02:56 Europe/Berlin] POST: Array
(
    [email] => jaeger@gmail.com
    [senha] => 123
)

[26-Nov-2021 04:02:58 Europe/Berlin] POST: Array
(
)

[26-Nov-2021 04:03:46 Europe/Berlin] POST: Array
(
)

[26-Nov-2021 04:05:31 Europe/Berlin] POST: Array
(
    [email] => jaeger@gmail.com
    [senha] => 123
)

[26-Nov-2021 04:05:32 Europe/Berlin] POST: Array
(
)

[26-Nov-2021 04:05:45 Europe/Berlin] POST: Array
(
)

[26-Nov-2021 04:05:50 Europe/Berlin] POST: Array
(
    [email] => jaeger@gmail.com
    [senha] => 123
)

[26-Nov-2021 04:05:52 Europe/Berlin] POST: Array
(
)

[26-Nov-2021 04:05:54 Europe/Berlin] POST: Array
(
)

[26-Nov-2021 04:05:58 Europe/Berlin] POST: Array
(
    [email] => jaeger@gmail.com
    [senha] => 123
)

[26-Nov-2021 04:06:00 Europe/Berlin] POST: Array
(
)

